<?xml version="1.0" encoding="UTF-8"?>
<testng-results skipped="0" failed="1" ignored="2" total="6" passed="3">
  <reporter-output>
  </reporter-output>
  <suite name="Suite1" duration-ms="119086" started-at="2019-10-08T11:23:43Z" finished-at="2019-10-08T11:25:43Z">
    <groups>
    </groups>
    <test name="FunctionalTesting" duration-ms="119086" started-at="2019-10-08T11:23:43Z" finished-at="2019-10-08T11:25:43Z">
      <class name="com.elabelz.qa.testcases.LoginPageTest">
        <test-method status="PASS" signature="setUp()[pri:0, instance:com.elabelz.qa.testcases.LoginPageTest@6a4f787b]" name="setUp" is-config="true" duration-ms="11297" started-at="2019-10-08T15:24:31Z" finished-at="2019-10-08T15:24:42Z">
          <reporter-output>
          </reporter-output>
        </test-method> <!-- setUp -->
        <test-method status="PASS" signature="loginTest()[pri:2, instance:com.elabelz.qa.testcases.LoginPageTest@6a4f787b]" name="loginTest" duration-ms="5886" started-at="2019-10-08T15:24:42Z" finished-at="2019-10-08T15:24:48Z">
          <reporter-output>
          </reporter-output>
        </test-method> <!-- loginTest -->
        <test-method status="PASS" signature="tearDown()[pri:0, instance:com.elabelz.qa.testcases.LoginPageTest@6a4f787b]" name="tearDown" is-config="true" duration-ms="747" started-at="2019-10-08T15:24:48Z" finished-at="2019-10-08T15:24:49Z">
          <reporter-output>
          </reporter-output>
        </test-method> <!-- tearDown -->
      </class> <!-- com.elabelz.qa.testcases.LoginPageTest -->
      <class name="com.elabelz.qa.testcases.HomePageTest">
        <test-method status="PASS" signature="setUp()[pri:0, instance:com.elabelz.qa.testcases.HomePageTest@685cb137]" name="setUp" is-config="true" duration-ms="17129" started-at="2019-10-08T15:24:49Z" finished-at="2019-10-08T15:25:06Z">
          <reporter-output>
          </reporter-output>
        </test-method> <!-- setUp -->
        <test-method status="PASS" signature="verifyHomePageTitleTest()[pri:3, instance:com.elabelz.qa.testcases.HomePageTest@685cb137]" name="verifyHomePageTitleTest" duration-ms="18" started-at="2019-10-08T15:25:06Z" finished-at="2019-10-08T15:25:06Z">
          <reporter-output>
          </reporter-output>
        </test-method> <!-- verifyHomePageTitleTest -->
        <test-method status="PASS" signature="addProductToCart()[pri:4, instance:com.elabelz.qa.testcases.HomePageTest@685cb137]" name="addProductToCart" duration-ms="35790" started-at="2019-10-08T15:25:06Z" finished-at="2019-10-08T15:25:42Z">
          <reporter-output>
          </reporter-output>
        </test-method> <!-- addProductToCart -->
        <test-method status="PASS" signature="tearDown()[pri:0, instance:com.elabelz.qa.testcases.HomePageTest@685cb137]" name="tearDown" is-config="true" duration-ms="744" started-at="2019-10-08T15:25:42Z" finished-at="2019-10-08T15:25:43Z">
          <reporter-output>
          </reporter-output>
        </test-method> <!-- tearDown -->
      </class> <!-- com.elabelz.qa.testcases.HomePageTest -->
      <class name="com.elabelz.qa.testcases.RegistrationPageTest">
        <test-method status="PASS" signature="setUp()[pri:0, instance:com.elabelz.qa.testcases.RegistrationPageTest@604ed9f0]" name="setUp" is-config="true" duration-ms="12685" started-at="2019-10-08T15:23:44Z" finished-at="2019-10-08T15:23:57Z">
          <reporter-output>
          </reporter-output>
        </test-method> <!-- setUp -->
        <test-method status="FAIL" signature="CreatingAndRegisteringAccount(java.lang.String, java.lang.String, java.lang.String, java.lang.String, java.lang.String, java.lang.String, java.lang.String, java.lang.String, java.lang.String, java.lang.String, java.lang.String, java.lang.String, java.lang.String, java.lang.String)[pri:1, instance:com.elabelz.qa.testcases.RegistrationPageTest@604ed9f0]" name="CreatingAndRegisteringAccount" duration-ms="33373" started-at="2019-10-08T15:23:57Z" data-provider="getRegistrationData" finished-at="2019-10-08T15:24:30Z">
          <params>
            <param index="0">
              <value>
                <![CDATA[elabelz13@gmail.com]]>
              </value>
            </param>
            <param index="1">
              <value>
                <![CDATA[Mr.]]>
              </value>
            </param>
            <param index="2">
              <value>
                <![CDATA[Asif]]>
              </value>
            </param>
            <param index="3">
              <value>
                <![CDATA[Mohammed]]>
              </value>
            </param>
            <param index="4">
              <value>
                <![CDATA[password@123]]>
              </value>
            </param>
            <param index="5">
              <value>
                <![CDATA[eLabelz]]>
              </value>
            </param>
            <param index="6">
              <value>
                <![CDATA[2321 2nd Ave]]>
              </value>
            </param>
            <param index="7">
              <value>
                <![CDATA[Seattle]]>
              </value>
            </param>
            <param index="8">
              <value>
                <![CDATA[Seattle]]>
              </value>
            </param>
            <param index="9">
              <value>
                <![CDATA[98121.0]]>
              </value>
            </param>
            <param index="10">
              <value>
                <![CDATA[This is my home address]]>
              </value>
            </param>
            <param index="11">
              <value>
                <![CDATA[(347) 466-7432]]>
              </value>
            </param>
            <param index="12">
              <value>
                <![CDATA[(347) 566-7432]]>
              </value>
            </param>
            <param index="13">
              <value>
                <![CDATA[Home Address]]>
              </value>
            </param>
          </params>
          <exception class="java.lang.AssertionError">
            <message>
              <![CDATA[User already registered. Register with someother email address !!!]]>
            </message>
            <full-stacktrace>
              <![CDATA[java.lang.AssertionError: User already registered. Register with someother email address !!!
	at org.testng.Assert.fail(Assert.java:93)
	at com.elabelz.qa.testcases.RegistrationPageTest.CreatingAndRegisteringAccount(RegistrationPageTest.java:54)
	at sun.reflect.NativeMethodAccessorImpl.invoke0(Native Method)
	at sun.reflect.NativeMethodAccessorImpl.invoke(NativeMethodAccessorImpl.java:62)
	at sun.reflect.DelegatingMethodAccessorImpl.invoke(DelegatingMethodAccessorImpl.java:43)
	at java.lang.reflect.Method.invoke(Method.java:498)
	at org.testng.internal.MethodInvocationHelper.invokeMethod(MethodInvocationHelper.java:108)
	at org.testng.internal.Invoker.invokeMethod(Invoker.java:661)
	at org.testng.internal.Invoker.invokeTestMethod(Invoker.java:869)
	at org.testng.internal.Invoker.invokeTestMethods(Invoker.java:1193)
	at org.testng.internal.TestMethodWorker.invokeTestMethods(TestMethodWorker.java:126)
	at org.testng.internal.TestMethodWorker.run(TestMethodWorker.java:109)
	at org.testng.TestRunner.privateRun(TestRunner.java:744)
	at org.testng.TestRunner.run(TestRunner.java:602)
	at org.testng.SuiteRunner.runTest(SuiteRunner.java:380)
	at org.testng.SuiteRunner.runSequentially(SuiteRunner.java:375)
	at org.testng.SuiteRunner.privateRun(SuiteRunner.java:340)
	at org.testng.SuiteRunner.run(SuiteRunner.java:289)
	at org.testng.SuiteRunnerWorker.runSuite(SuiteRunnerWorker.java:52)
	at org.testng.SuiteRunnerWorker.run(SuiteRunnerWorker.java:86)
	at org.testng.TestNG.runSuitesSequentially(TestNG.java:1301)
	at org.testng.TestNG.runSuitesLocally(TestNG.java:1226)
	at org.testng.TestNG.runSuites(TestNG.java:1144)
	at org.testng.TestNG.run(TestNG.java:1115)
	at org.testng.remote.AbstractRemoteTestNG.run(AbstractRemoteTestNG.java:114)
	at org.testng.remote.RemoteTestNG.initAndRun(RemoteTestNG.java:251)
	at org.testng.remote.RemoteTestNG.main(RemoteTestNG.java:77)
]]>
            </full-stacktrace>
          </exception> <!-- java.lang.AssertionError -->
          <reporter-output>
          </reporter-output>
        </test-method> <!-- CreatingAndRegisteringAccount -->
        <test-method status="PASS" signature="tearDown()[pri:0, instance:com.elabelz.qa.testcases.RegistrationPageTest@604ed9f0]" name="tearDown" is-config="true" duration-ms="792" started-at="2019-10-08T15:24:30Z" finished-at="2019-10-08T15:24:31Z">
          <reporter-output>
          </reporter-output>
        </test-method> <!-- tearDown -->
        <test-method status="PASS" signature="teardown()[pri:0, instance:com.elabelz.qa.testcases.RegistrationPageTest@604ed9f0]" name="teardown" is-config="true" duration-ms="0" started-at="2019-10-08T15:25:43Z" finished-at="2019-10-08T15:25:43Z">
          <reporter-output>
          </reporter-output>
        </test-method> <!-- teardown -->
      </class> <!-- com.elabelz.qa.testcases.RegistrationPageTest -->
    </test> <!-- FunctionalTesting -->
  </suite> <!-- Suite1 -->
</testng-results>
